MPASM  5.02               REVERSIBLE P917.ASM   4-28-2006  11:28:51         PAGE  1


LOC  OBJECT CODE     LINE SOURCE TEXT
  VALUE

                      00001 ;******************************************************************************
                      00002 ;Software License Agreement                                         
                      00003 ;                                                                    
                      00004 ;The software supplied herewith by Microchip Technology             
                      00005 ;Incorporated (the "Company") is intended and supplied to you, the  
                      00006 ;Company’s customer, for use solely and exclusively on Microchip    
                      00007 ;products. The software is owned by the Company and/or its supplier,
                      00008 ;and is protected under applicable copyright laws. All rights are   
                      00009 ;reserved. Any use in violation of the foregoing restrictions may   
                      00010 ;subject the user to criminal sanctions under applicable laws, as   
                      00011 ;well as to civil liability for the breach of the terms and         
                      00012 ;conditions of this license.                                        
                      00013 ;                                                                    
                      00014 ;THIS SOFTWARE IS PROVIDED IN AN "AS IS" CONDITION. NO WARRANTIES,  
                      00015 ;WHETHER EXPRESS, IMPLIED OR STATUTORY, INCLUDING, BUT NOT LIMITED  
                      00016 ;TO, IMPLIED WARRANTIES OF MERCHANTABILITY AND FITNESS FOR A       
                      00017 ;PARTICULAR PURPOSE APPLY TO THIS SOFTWARE. THE COMPANY SHALL NOT,  
                      00018 ;IN ANY CIRCUMSTANCES, BE LIABLE FOR SPECIAL, INCIDENTAL OR         
                      00019 ;CONSEQUENTIAL DAMAGES, FOR ANY REASON WHATSOEVER.       
                      00020 ; *******************************************************************
                      00021 ; PICkit 2 Lesson 7 - Reversible LEDs
                      00022 ;
                      00023 ; This shows how to read the A2D converter and display the
                      00024 ; High order parts on the 4 bit LED display.
                      00025 ; The pot on the Low Pin Count Demo board varies the voltage 
                      00026 ; coming in on in A0.
                      00027 ;
                      00028 ; Also the switch is used to reverse the direction of rotation
                      00029 ;
                      00030 ; The A2D is referenced to the same Vdd as the device, which 
                      00031 ; is provided by the USB cable and nominally is 5V.  The A2D
                      00032 ; returns the ratio of the voltage on Pin RA0 to 5V.  The A2D
                      00033 ; has a resolution of 10 bits, with 1023 representing 5V and
                      00034 ; 0 representing 0V.
                      00035 
                      00036 #include <p16F917.inc>
                      00001         LIST
                      00002 ; P16F917.INC  Standard Header File, Version 1.03    Microchip Technology, Inc.
                      00872         LIST
                      00037 ;       __CONFIG  _DEBUG_ON & _FCMEN_OFF &_IESO_OFF & _BOD_OFF & _CPD_OFF & _CP_OFF & _MCLRE_ON & _PWRTE
                            _OFF & _WDT_OFF & _INTOSC ; _EXTRC ;   
2007   30F5           00038         __CONFIG  _FCMEN_OFF &_IESO_OFF & _BOD_OFF & _CPD_OFF & _CP_OFF & _MCLRE_ON & _PWRTE_OFF & _WDT_
                            OFF & _INTOSC ; _EXTRC ;   
                      00039 
                      00040         cblock  0x20
  00000020            00041 Delay1          ; Assign an address to label Delay1
  00000021            00042 Delay2
  00000022            00043 Display         ; define a variable to hold the diplay
  00000023            00044 Direction
  00000024            00045 LookingFor
                      00046         endc
                      00047 
                      00048         
MPASM  5.02               REVERSIBLE P917.ASM   4-28-2006  11:28:51         PAGE  2


LOC  OBJECT CODE     LINE SOURCE TEXT
  VALUE

0000                  00049         org 0
0000                  00050 Start
0000   1683           00051         bsf     STATUS,RP0      ; select Register Page 1
0001   30FF           00052         movlw   0xFF
Message[302]: Register in operand not in bank 0.  Ensure that bank bits are correct.
0002   0085           00053         movwf   TRISA           ; Make PortA all input
Message[302]: Register in operand not in bank 0.  Ensure that bank bits are correct.
0003   0188           00054         clrf    TRISD           ; Make PortC all output
0004   3010           00055         movlw   0x10            ; A2D Clock Fosc/8
Message[302]: Register in operand not in bank 0.  Ensure that bank bits are correct.
0005   009F           00056         movwf   ADCON1
                      00057 ;       bcf     STATUS,RP0      ; back to Register Page 0
                      00058 
0006   1283           00059         bcf     STATUS,RP0      ; address Register Page 2
0007   1703           00060         bsf     STATUS,RP1      
0008   3001           00061         movlw   0x01            ; configure Port A pin 0 Analog
Message[302]: Register in operand not in bank 0.  Ensure that bank bits are correct.
0009   0091           00062         movwf   ANSEL
000A   1283           00063         bcf     STATUS,RP0      ; address Register Page 0
000B   1303           00064         bcf     STATUS,RP1
                      00065         
000C   3001           00066         movlw   0x01
000D   009F           00067         movwf   ADCON0          ; configure A2D for Channel 0 (RA0), Left justified, and turn on the A2D
                             module
000E   3008           00068         movlw   0x08
000F   00A2           00069         movwf   Display
0010   01A3           00070         clrf    Direction
0011   01A4           00071         clrf    LookingFor      ; Looking for a 0 on the button
0012                  00072 MainLoop
0012   0822           00073         movf    Display,w       ; Copy the display to the LEDs
0013   0088           00074         movwf   PORTD
0014   0000           00075         nop                     ; wait 5uS for A2D amp to settle and capacitor to charge.
0015   0000           00076         nop                     ; wait 1uS
0016   0000           00077         nop                     ; wait 1uS
0017   0000           00078         nop                     ; wait 1uS
0018   0000           00079         nop                     ; wait 1uS
0019   149F           00080         bsf     ADCON0,GO_DONE  ; start conversion
001A   189F           00081         btfsc   ADCON0,GO_DONE  ; this bit will change to zero when the conversion is complete
001B   281A           00082         goto    $-1
001C   081E           00083         movf    ADRESH,w        ; Copy the display to the LEDs
001D   00A1           00084         movwf   Delay2
                      00085 
001E                  00086 A2DDelayLoop
001E   0FA0           00087         incfsz  Delay1,f        ; Waste time.  
001F   281E           00088         goto    A2DDelayLoop    ; The Inner loop takes 3 instructions per loop * 256 loopss = 768 instru
                            ctions
0020   0FA1           00089         incfsz  Delay2,f        ; The outer loop takes and additional 3 instructions per lap * 256 loops
0021   281E           00090         goto    A2DDelayLoop    ; (768+3) * 256 = 197376 instructions / 1M instructions per second = 0.1
                            97 sec.
                      00091                                 ; call it a two-tenths of a second.
                      00092 
0022   300D           00093         movlw   .13             ; Delay another 10mS plus whatever was above
0023   00A1           00094         movwf   Delay2
MPASM  5.02               REVERSIBLE P917.ASM   4-28-2006  11:28:51         PAGE  3


LOC  OBJECT CODE     LINE SOURCE TEXT
  VALUE

0024                  00095 TenmSdelay      
0024   0BA0           00096         decfsz  Delay1,f
0025   2824           00097         goto    TenmSdelay
0026   0BA1           00098         decfsz  Delay2,f
0027   2824           00099         goto    TenmSdelay
                      00100 
0028   1824           00101         btfsc   LookingFor,0
0029   2830           00102         goto    LookingFor1
002A                  00103 LookingFor0
002A   1806           00104         btfsc   PORTB,0         ; is the switch pressed (0)
002B   2832           00105         goto    Rotate
002C   1424           00106         bsf     LookingFor,0    ; yes  Next we'll be looking for a 1
002D   30FF           00107         movlw   0xFF            ; load the W register incase we need it
002E   06A3           00108         xorwf   Direction,f     ; yes, flip the direction bit
002F   2832           00109         goto    Rotate
                      00110 
0030                  00111 LookingFor1
0030   1806           00112         btfsc   PORTB,0         ; is the switch pressed (0)
0031   1024           00113         bcf     LookingFor,0
                      00114         
0032                  00115 Rotate
0032   1003           00116         bcf     STATUS,C        ; ensure the carry bit is clear
0033   1C23           00117         btfss   Direction,0
0034   2839           00118         goto    RotateLeft
0035                  00119 RotateRight
0035   0CA2           00120         rrf     Display,f
0036   1803           00121         btfsc   STATUS,C        ; Did the bit rotate into the carry?
0037   17A2           00122         bsf     Display,7       ; yes, put it into bit 3.
                      00123 
0038   2812           00124         goto    MainLoop
0039                  00125 RotateLeft
0039   0DA2           00126         rlf     Display,f
003A   1803           00127         btfsc   STATUS,C        ; did it rotate out of the display
003B   1422           00128         bsf     Display,0       ; yes, put it into bit 0
003C   2812           00129         goto    MainLoop
                      00130         
                      00131         end
MPASM  5.02               REVERSIBLE P917.ASM   4-28-2006  11:28:51         PAGE  4


SYMBOL TABLE
  LABEL                             VALUE 

A2DDelayLoop                      0000001E
ADCON0                            0000001F
ADCON1                            0000009F
ADCS0                             00000004
ADCS1                             00000005
ADCS2                             00000006
ADDEN                             00000003
ADFM                              00000007
ADIE                              00000006
ADIF                              00000006
ADON                              00000000
ADRESH                            0000001E
ADRESL                            0000009E
AN0                               00000000
AN1                               00000001
AN2                               00000002
AN3                               00000003
AN4                               00000004
AN5                               00000005
AN6                               00000006
AN7                               00000007
ANS0                              00000000
ANS1                              00000001
ANS2                              00000002
ANS3                              00000003
ANS4                              00000004
ANS5                              00000005
ANS6                              00000006
ANS7                              00000007
ANSEL                             00000091
BF                                00000000
BIASMD                            00000006
BRGH                              00000002
C                                 00000000
C1IE                              00000005
C1IF                              00000005
C1INV                             00000004
C1OUT                             00000006
C2IE                              00000006
C2IF                              00000006
C2INV                             00000005
C2OUT                             00000007
C2SYNC                            00000000
CCP1CON                           00000017
CCP1IE                            00000002
CCP1IF                            00000002
CCP1M0                            00000000
CCP1M1                            00000001
CCP1M2                            00000002
CCP1M3                            00000003
CCP1X                             00000005
CCP1Y                             00000004
CCP2CON                           0000001D
MPASM  5.02               REVERSIBLE P917.ASM   4-28-2006  11:28:51         PAGE  5


SYMBOL TABLE
  LABEL                             VALUE 

CCP2IE                            00000000
CCP2IF                            00000000
CCP2M0                            00000000
CCP2M1                            00000001
CCP2M2                            00000002
CCP2M3                            00000003
CCP2X                             00000005
CCP2Y                             00000004
CCPR1H                            00000016
CCPR1L                            00000015
CCPR2H                            0000001C
CCPR2L                            0000001B
CHS0                              00000002
CHS1                              00000003
CHS2                              00000004
CIS                               00000003
CKE                               00000006
CKP                               00000004
CM0                               00000000
CM1                               00000001
CM2                               00000002
CMCON0                            0000009C
CMCON1                            00000097
CREN                              00000004
CS0                               00000002
CS1                               00000003
CSRC                              00000007
D                                 00000005
DATA_ADDRESS                      00000005
DC                                00000001
D_A                               00000005
Delay1                            00000020
Delay2                            00000021
Direction                         00000023
Display                           00000022
EEADRH                            0000010F
EEADRH0                           00000000
EEADRH1                           00000001
EEADRH2                           00000002
EEADRH3                           00000003
EEADRH4                           00000004
EEADRL                            0000010D
EEADRL0                           00000000
EEADRL1                           00000001
EEADRL2                           00000002
EEADRL3                           00000003
EEADRL4                           00000004
EEADRL5                           00000005
EEADRL6                           00000006
EEADRL7                           00000007
EECON1                            0000018C
EECON2                            0000018D
EEDATH                            0000010E
MPASM  5.02               REVERSIBLE P917.ASM   4-28-2006  11:28:51         PAGE  6


SYMBOL TABLE
  LABEL                             VALUE 

EEDATL                            0000010C
EEIE                              00000007
EEIF                              00000007
EEPGD                             00000007
EERD                              00000000
EEWR                              00000001
F                                 00000001
FERR                              00000002
FSR                               00000004
GIE                               00000007
GO_DONE                           00000001
HTS                               00000002
I2C_DATA                          00000005
I2C_READ                          00000002
I2C_START                         00000003
I2C_STOP                          00000004
INDF                              00000000
INTCON                            0000000B
INTE                              00000004
INTEDG                            00000006
INTF                              00000001
IOC                               00000096
IOC4                              00000004
IOC5                              00000005
IOC6                              00000006
IOC7                              00000007
IOCB                              00000096
IOCB4                             00000004
IOCB5                             00000005
IOCB6                             00000006
IOCB7                             00000007
IRCF0                             00000004
IRCF1                             00000005
IRCF2                             00000006
IRP                               00000007
IRVST                             00000005
LCDA                              00000005
LCDCON                            00000107
LCDDATA0                          00000110
LCDDATA1                          00000111
LCDDATA10                         0000011A
LCDDATA11                         0000011B
LCDDATA2                          00000112
LCDDATA3                          00000113
LCDDATA4                          00000114
LCDDATA5                          00000115
LCDDATA6                          00000116
LCDDATA7                          00000117
LCDDATA8                          00000118
LCDDATA9                          00000119
LCDEN                             00000007
LCDIE                             00000004
LCDIF                             00000004
MPASM  5.02               REVERSIBLE P917.ASM   4-28-2006  11:28:51         PAGE  7


SYMBOL TABLE
  LABEL                             VALUE 

LCDPS                             00000108
LCDSE0                            0000011C
LCDSE1                            0000011D
LCDSE2                            0000011E
LMUX0                             00000000
LMUX1                             00000001
LP0                               00000000
LP1                               00000001
LP2                               00000002
LP3                               00000003
LTS                               00000001
LVDCON                            00000109
LVDEN                             00000004
LVDIE                             00000002
LVDIF                             00000002
LVDL0                             00000000
LVDL1                             00000001
LVDL2                             00000002
LookingFor                        00000024
LookingFor0                       0000002A
LookingFor1                       00000030
MainLoop                          00000012
NOT_A                             00000005
NOT_ADDRESS                       00000005
NOT_BO                            00000000
NOT_BOR                           00000000
NOT_DONE                          00000001
NOT_PD                            00000003
NOT_POR                           00000001
NOT_RBPU                          00000007
NOT_RC8                           00000006
NOT_T1SYNC                        00000002
NOT_TO                            00000004
NOT_TX8                           00000006
NOT_W                             00000002
NOT_WRITE                         00000002
OERR                              00000001
OPTION_REG                        00000081
OSCCON                            0000008F
OSCTUNE                           00000090
OSFIE                             00000007
OSFIF                             00000007
OSTS                              00000003
P                                 00000004
PCL                               00000002
PCLATH                            0000000A
PCON                              0000008E
PEIE                              00000006
PIE1                              0000008C
PIE2                              0000008D
PIR1                              0000000C
PIR2                              0000000D
PORTA                             00000005
MPASM  5.02               REVERSIBLE P917.ASM   4-28-2006  11:28:51         PAGE  8


SYMBOL TABLE
  LABEL                             VALUE 

PORTB                             00000006
PORTC                             00000007
PORTD                             00000008
PORTE                             00000009
PR2                               00000092
PS0                               00000000
PS1                               00000001
PS2                               00000002
PSA                               00000003
R                                 00000002
RBIE                              00000003
RBIF                              00000000
RC8_9                             00000006
RC9                               00000006
RCD8                              00000000
RCIE                              00000005
RCIF                              00000005
RCREG                             0000001A
RCSTA                             00000018
RD                                00000000
READ_WRITE                        00000002
RP0                               00000005
RP1                               00000006
RX9                               00000006
RX9D                              00000000
R_W                               00000002
Rotate                            00000032
RotateLeft                        00000039
RotateRight                       00000035
S                                 00000003
S0C0                              00000000
S0C1                              00000000
S0C2                              00000000
S0C3                              00000000
S10C0                             00000002
S10C1                             00000002
S10C2                             00000002
S10C3                             00000002
S11C0                             00000003
S11C1                             00000003
S11C2                             00000003
S11C3                             00000003
S12C0                             00000004
S12C1                             00000004
S12C2                             00000004
S12C3                             00000004
S13C0                             00000005
S13C1                             00000005
S13C2                             00000005
S13C3                             00000005
S14C0                             00000006
S14C1                             00000006
S14C2                             00000006
MPASM  5.02               REVERSIBLE P917.ASM   4-28-2006  11:28:51         PAGE  9


SYMBOL TABLE
  LABEL                             VALUE 

S14C3                             00000006
S15C0                             00000007
S15C1                             00000007
S15C2                             00000007
S15C3                             00000007
S16C0                             00000000
S16C1                             00000000
S16C2                             00000000
S16C3                             00000000
S17C0                             00000001
S17C1                             00000001
S17C2                             00000001
S17C3                             00000001
S18C0                             00000002
S18C1                             00000002
S18C2                             00000002
S18C3                             00000002
S19C0                             00000003
S19C1                             00000003
S19C2                             00000003
S19C3                             00000003
S1C0                              00000001
S1C1                              00000001
S1C2                              00000001
S1C3                              00000001
S20C0                             00000004
S20C1                             00000004
S20C2                             00000004
S20C3                             00000004
S21C0                             00000005
S21C1                             00000005
S21C2                             00000005
S21C3                             00000005
S22C0                             00000006
S22C1                             00000006
S22C2                             00000006
S22C3                             00000006
S23C0                             00000007
S23C1                             00000007
S23C2                             00000007
S23C3                             00000007
S2C0                              00000002
S2C1                              00000002
S2C2                              00000002
S2C3                              00000002
S3C0                              00000003
S3C1                              00000003
S3C2                              00000003
S3C3                              00000003
S4C0                              00000004
S4C1                              00000004
S4C2                              00000004
S4C3                              00000004
MPASM  5.02               REVERSIBLE P917.ASM   4-28-2006  11:28:51         PAGE 10


SYMBOL TABLE
  LABEL                             VALUE 

S5C0                              00000005
S5C1                              00000005
S5C2                              00000005
S5C3                              00000005
S6C0                              00000006
S6C1                              00000006
S6C2                              00000006
S6C3                              00000006
S7C0                              00000007
S7C1                              00000007
S7C2                              00000007
S7C3                              00000007
S8C0                              00000000
S8C1                              00000000
S8C2                              00000000
S8C3                              00000000
S9C0                              00000001
S9C1                              00000001
S9C2                              00000001
S9C3                              00000001
SBOREN                            00000004
SCS                               00000000
SE0                               00000000
SE1                               00000001
SE10                              00000002
SE11                              00000003
SE12                              00000004
SE13                              00000005
SE14                              00000006
SE15                              00000007
SE16                              00000000
SE17                              00000001
SE18                              00000002
SE19                              00000003
SE2                               00000002
SE20                              00000004
SE21                              00000005
SE22                              00000006
SE23                              00000007
SE3                               00000003
SE4                               00000004
SE5                               00000005
SE6                               00000006
SE7                               00000007
SE8                               00000000
SE9                               00000001
SEG0COM0                          00000000
SEG0COM1                          00000000
SEG0COM2                          00000000
SEG0COM3                          00000000
SEG10COM0                         00000002
SEG10COM1                         00000002
SEG10COM2                         00000002
MPASM  5.02               REVERSIBLE P917.ASM   4-28-2006  11:28:51         PAGE 11


SYMBOL TABLE
  LABEL                             VALUE 

SEG10COM3                         00000002
SEG11COM0                         00000003
SEG11COM1                         00000003
SEG11COM2                         00000003
SEG11COM3                         00000003
SEG12COM0                         00000004
SEG12COM1                         00000004
SEG12COM2                         00000004
SEG12COM3                         00000004
SEG13COM0                         00000005
SEG13COM1                         00000005
SEG13COM2                         00000005
SEG13COM3                         00000005
SEG14COM0                         00000006
SEG14COM1                         00000006
SEG14COM2                         00000006
SEG14COM3                         00000006
SEG15COM0                         00000007
SEG15COM1                         00000007
SEG15COM2                         00000007
SEG15COM3                         00000007
SEG16COM0                         00000000
SEG16COM1                         00000000
SEG16COM2                         00000000
SEG16COM3                         00000000
SEG17COM0                         00000001
SEG17COM1                         00000001
SEG17COM2                         00000001
SEG17COM3                         00000001
SEG18COM0                         00000002
SEG18COM1                         00000002
SEG18COM2                         00000002
SEG18COM3                         00000002
SEG19COM0                         00000003
SEG19COM1                         00000003
SEG19COM2                         00000003
SEG19COM3                         00000003
SEG1COM0                          00000001
SEG1COM1                          00000001
SEG1COM2                          00000001
SEG1COM3                          00000001
SEG20COM0                         00000004
SEG20COM1                         00000004
SEG20COM2                         00000004
SEG20COM3                         00000004
SEG21COM0                         00000005
SEG21COM1                         00000005
SEG21COM2                         00000005
SEG21COM3                         00000005
SEG22COM0                         00000006
SEG22COM1                         00000006
SEG22COM2                         00000006
SEG22COM3                         00000006
MPASM  5.02               REVERSIBLE P917.ASM   4-28-2006  11:28:51         PAGE 12


SYMBOL TABLE
  LABEL                             VALUE 

SEG23COM0                         00000007
SEG23COM1                         00000007
SEG23COM2                         00000007
SEG23COM3                         00000007
SEG2COM0                          00000002
SEG2COM1                          00000002
SEG2COM2                          00000002
SEG2COM3                          00000002
SEG3COM0                          00000003
SEG3COM1                          00000003
SEG3COM2                          00000003
SEG3COM3                          00000003
SEG4COM0                          00000004
SEG4COM1                          00000004
SEG4COM2                          00000004
SEG4COM3                          00000004
SEG5COM0                          00000005
SEG5COM1                          00000005
SEG5COM2                          00000005
SEG5COM3                          00000005
SEG6COM0                          00000006
SEG6COM1                          00000006
SEG6COM2                          00000006
SEG6COM3                          00000006
SEG7COM0                          00000007
SEG7COM1                          00000007
SEG7COM2                          00000007
SEG7COM3                          00000007
SEG8COM0                          00000000
SEG8COM1                          00000000
SEG8COM2                          00000000
SEG8COM3                          00000000
SEG9COM0                          00000001
SEG9COM1                          00000001
SEG9COM2                          00000001
SEG9COM3                          00000001
SEGEN0                            00000000
SEGEN1                            00000001
SEGEN10                           00000002
SEGEN11                           00000003
SEGEN12                           00000004
SEGEN13                           00000005
SEGEN14                           00000006
SEGEN15                           00000007
SEGEN16                           00000000
SEGEN17                           00000001
SEGEN18                           00000002
SEGEN19                           00000003
SEGEN2                            00000002
SEGEN20                           00000004
SEGEN21                           00000005
SEGEN22                           00000006
SEGEN23                           00000007
MPASM  5.02               REVERSIBLE P917.ASM   4-28-2006  11:28:51         PAGE 13


SYMBOL TABLE
  LABEL                             VALUE 

SEGEN3                            00000003
SEGEN4                            00000004
SEGEN5                            00000005
SEGEN6                            00000006
SEGEN7                            00000007
SEGEN8                            00000000
SEGEN9                            00000001
SLPEN                             00000006
SMP                               00000007
SPBRG                             00000099
SPEN                              00000007
SREN                              00000005
SSPADD                            00000093
SSPBUF                            00000013
SSPCON                            00000014
SSPEN                             00000005
SSPIE                             00000003
SSPIF                             00000003
SSPM0                             00000000
SSPM1                             00000001
SSPM2                             00000002
SSPM3                             00000003
SSPOV                             00000006
SSPSTAT                           00000094
STATUS                            00000003
SWDTE                             00000000
SWDTEN                            00000000
SYNC                              00000004
Start                             00000000
T0CS                              00000005
T0IE                              00000005
T0IF                              00000002
T0SE                              00000004
T1CKPS0                           00000004
T1CKPS1                           00000005
T1CON                             00000010
T1GE                              00000006
T1GINV                            00000007
T1GSS                             00000001
T1INSYNC                          00000002
T1OSCEN                           00000003
T1SYNC                            00000002
T2CKPS0                           00000000
T2CKPS1                           00000001
T2CON                             00000012
TMR0                              00000001
TMR0IE                            00000005
TMR0IF                            00000002
TMR1CS                            00000001
TMR1H                             0000000F
TMR1IE                            00000000
TMR1IF                            00000000
TMR1L                             0000000E
MPASM  5.02               REVERSIBLE P917.ASM   4-28-2006  11:28:51         PAGE 14


SYMBOL TABLE
  LABEL                             VALUE 

TMR1ON                            00000000
TMR2                              00000011
TMR2IE                            00000001
TMR2IF                            00000001
TMR2ON                            00000002
TOUTPS0                           00000003
TOUTPS1                           00000004
TOUTPS2                           00000005
TOUTPS3                           00000006
TRISA                             00000085
TRISB                             00000086
TRISC                             00000087
TRISD                             00000088
TRISE                             00000089
TRMT                              00000001
TUN0                              00000000
TUN1                              00000001
TUN2                              00000002
TUN3                              00000003
TUN4                              00000004
TX8_9                             00000006
TX9                               00000006
TX9D                              00000000
TXD8                              00000000
TXEN                              00000005
TXIE                              00000004
TXIF                              00000004
TXREG                             00000019
TXSTA                             00000098
TenmSdelay                        00000024
UA                                00000001
VCFG0                             00000005
VCFG1                             00000006
VLCDEN                            00000004
VR0                               00000000
VR1                               00000001
VR2                               00000002
VR3                               00000003
VRCON                             0000009D
VREN                              00000007
VRR                               00000005
W                                 00000000
WA                                00000004
WCOL                              00000007
WDTCON                            00000105
WDTPS0                            00000001
WDTPS1                            00000002
WDTPS2                            00000003
WDTPS3                            00000004
WERR                              00000005
WFT                               00000007
WPU                               00000095
WPU0                              00000000
MPASM  5.02               REVERSIBLE P917.ASM   4-28-2006  11:28:51         PAGE 15


SYMBOL TABLE
  LABEL                             VALUE 

WPU1                              00000001
WPU2                              00000002
WPU3                              00000003
WPU4                              00000004
WPU5                              00000005
WPU6                              00000006
WPU7                              00000007
WPUB                              00000095
WPUB0                             00000000
WPUB1                             00000001
WPUB2                             00000002
WPUB3                             00000003
WPUB4                             00000004
WPUB5                             00000005
WPUB6                             00000006
WPUB7                             00000007
WR                                00000001
WREN                              00000002
WRERR                             00000003
Z                                 00000002
_BOD_NSLEEP                       00003EFF
_BOD_OFF                          00003CFF
_BOD_ON                           00003FFF
_BOD_SBODEN                       00003DFF
_CONFIG                           00002007
_CPD_OFF                          00003FFF
_CPD_ON                           00003F7F
_CP_OFF                           00003FFF
_CP_ON                            00003FBF
_DEBUG_OFF                        00003FFF
_DEBUG_ON                         00002FFF
_EC_OSC                           00003FFB
_EXTRC                            00003FFF
_EXTRCIO                          00003FFE
_EXTRC_OSC_CLKOUT                 00003FFF
_EXTRC_OSC_NOCLKOUT               00003FFE
_FCMEN_OFF                        000037FF
_FCMEN_ON                         00003FFF
_HS_OSC                           00003FFA
_IESO_OFF                         00003BFF
_IESO_ON                          00003FFF
_INTOSC                           00003FFD
_INTOSCIO                         00003FFC
_INTRC_OSC_CLKOUT                 00003FFD
_INTRC_OSC_NOCLKOUT               00003FFC
_LP_OSC                           00003FF8
_MCLRE_OFF                        00003FDF
_MCLRE_ON                         00003FFF
_PWRTE_OFF                        00003FFF
_PWRTE_ON                         00003FEF
_WDT_OFF                          00003FF7
_WDT_ON                           00003FFF
_XT_OSC                           00003FF9
MPASM  5.02               REVERSIBLE P917.ASM   4-28-2006  11:28:51         PAGE 16


SYMBOL TABLE
  LABEL                             VALUE 

__16F917                          00000001


MEMORY USAGE MAP ('X' = Used,  '-' = Unused)

0000 : XXXXXXXXXXXXXXXX XXXXXXXXXXXXXXXX XXXXXXXXXXXXXXXX XXXXXXXXXXXXX---
2000 : -------X-------- ---------------- ---------------- ----------------

All other memory blocks unused.

Program Memory Words Used:    61
Program Memory Words Free:  8131


Errors   :     0
Warnings :     0 reported,     0 suppressed
Messages :     4 reported,     0 suppressed

