     1: #define _16f690
     2: #include "htc.h"
     3: 
     4: __CONFIG(WDTDIS & PWRTEN & MCLRDIS & BORDIS & UNPROTECT & INTIO);
     5: 
     6: unsigned char randchar(unsigned char);
     7: 
     8: main(){
     9:         unsigned char i=0;
    10:         unsigned char display=0b1111;
    11:         TRISC=0;
    12:         TRISA=0b100;
    13:         OPTION=0b00000010;
    14: 
    15: 
    16:         while(1){       
    17:                 
    18:                 i=randchar(255);
    19:                 while(--i!=0){
    20:                         while(!T0IF);
    21:                         T0IF=0;
    22:                 }
    23:                 if(RA3)
    24:                         display^=(0x1<<(randchar(255) & 0b11));
    25:                 else
    26:                         display=randchar(255)&0xF;
    27:                 PORTC=display;
    28:         }
    29: }
    30: 
    31: unsigned char randchar(unsigned char b){
    32:         static unsigned char pre_x[]={50,200,0,174};
    33:         static unsigned char n=0;
    34:         static unsigned char c=0;
    35:         unsigned int tmp0;
    36: 
    37:         n++;
    38:         n%=4;
    39: 
    40:         tmp0=(577*(unsigned int)pre_x[n]+(unsigned int)c);
    41: 
    42: 
    43:         c=tmp0/b;
    44:         
    45:         pre_x[n]=tmp0-c*b;
    46: 
    47:         return pre_x[n];
    48: }