MPASM  4.02 Released                               LOOKUP.ASM   6-9-2007  11:26:44         PAGE  1


LOC  OBJECT CODE     LINE SOURCE TEXT
  VALUE

                      00001 
                      00002 #include <p16F690.inc>
                      00001         LIST
                      00002 ; P16F690.INC  Standard Header File, Version 1.00    Microchip Technology, Inc.
                      00607         LIST
2007   33D4           00003         __config (_INTRC_OSC_NOCLKOUT & _WDT_OFF & _PWRTE_OFF & _MCLRE_OFF & _CP_OFF & _IESO_OFF & _FCME
                            N_OFF)
                      00004 
                      00005         cblock 0x20
  00000020            00006 count
                      00007 ;display
  00000021            00008 temp
                      00009         endc
                      00010 
0000                  00011         org 0   
0000                  00012 Start
0000   1683           00013         bsf     STATUS,RP0      ; select Register Page 1
Message[302]: Register in operand not in bank 0.  Ensure that bank bits are correct.
0001   0187           00014         clrf    TRISC           ; Make PortC all output
0002   1283           00015         bcf     STATUS,RP0      ; back to Register Page 0
0003   304D           00016         movlw b'01001101'
0004   0092           00017         movwf T2CON       ; select 1:4 prescaler & T2 ON & 1:10 Postscaler
                      00018         
0005   1683           00019         bsf     STATUS,RP0      ; select Register Page 1        
0006   3032           00020         movlw 0x32                ;set PR2 to 125     125 * 4 * 10 = 5000
Message[302]: Register in operand not in bank 0.  Ensure that bank bits are correct.
0007   0092           00021         movwf PR2                 ;---> should give ~5mm per pixel.
0008   1283           00022         bcf     STATUS,RP0      ; back to Register Page 0
                      00023         
0009   01A0           00024         clrf count
000A   0820           00025         movf count,w
000B   20F7           00026         call GetNewLine  ;load the first line into the memory
                      00027 
000C                  00028 MainLoop
000C   1C8C           00029         btfss   PIR1,TMR2IF     ; wait until the next pixel is to be displayed
000D   280C           00030         goto    $-1
                      00031         
                      00032 ;       movwf   display         ; for debuggig purposes
000E   0087           00033         movwf   PORTC    ; put the new line into the display
                      00034         
000F   108C           00035         bcf             PIR1,TMR2IF     ; clear the interrupt flag
                      00036 
0010   0AA0           00037         incf    count,f         ;increment the line counter
                      00038         
0011   1103           00039         bcf     STATUS,Z                ; compare if count>58
0012   303B           00040         movlw   0x3B
0013   0220           00041         subwf   count,w
0014   1903           00042         btfsc   STATUS,Z        
0015   01A0           00043         clrf    count           ; if yes, reset it.
                      00044 
0016   0820           00045         movf    count,w
0017   20F7           00046         call    GetNewLine ; load new line into accumulator
                      00047 
MPASM  4.02 Released                               LOOKUP.ASM   6-9-2007  11:26:44         PAGE  2


LOC  OBJECT CODE     LINE SOURCE TEXT
  VALUE

0018   280C           00048         goto    MainLoop
                      00049         
                      00050                 
                      00051 ; Get counter, return 8 bit pattern of next display line.
                      00052 ; 
00F7                  00053         org     0xf7    ; force table to cross a page boundary
00F7                  00054 GetNewLine
00F7   00A1           00055         movwf   temp
00F8   3001           00056         movlw   high TableStart ; get high order part of the beginning of the table
00F9   008A           00057         movwf   PCLATH
00FA   3000           00058         movlw   low TableStart  ; load starting address of table
00FB   1003           00059         bcf             STATUS,C
00FC   0721           00060         addwf   temp,w          ; add offset
00FD   1803           00061         btfsc   STATUS,C        ; did it overflow?
00FE   0A8A           00062         incf    PCLATH,f        ; yes: increment PCLATH
00FF   0082           00063         movwf   PCL             ; modify PCL
0100                  00064 TableStart                      ; 60 entries
0100   3481           00065         retlw   b'10000001'     ; H
0101   34FF           00066         retlw   b'11111111'     ; 
0102   3408           00067         retlw   b'00001000'     ; 
0103   3408           00068         retlw   b'00001000'     ; 
0104   3408           00069         retlw   b'00001000'     ; 
0105   34FF           00070         retlw   b'11111111'     ; 
0106   3481           00071         retlw   b'10000001'     ; /H
0107   3478           00072         retlw   b'01111000'     ; e
0108   3494           00073         retlw   b'10010100'     ; 
0109   3494           00074         retlw   b'10010100' ; 
010A   3494           00075         retlw   b'10010100' ;
010B   3458           00076         retlw   b'01011000' ; /e
010C   3400           00077         retlw   b'00000000' ; 
010D   34FF           00078         retlw   b'11111111' ; l
010E   3480           00079         retlw   b'10000000' ;/l
010F   34FF           00080         retlw   b'11111111' ; l
0110   3480           00081         retlw   b'10000000' ;/l
0111   3478           00082         retlw   b'01111000'     ; o
0112   3484           00083         retlw   b'10000100'     ; 
0113   3484           00084         retlw   b'10000100' ; 
0114   3484           00085         retlw   b'10000100' ;
0115   3478           00086         retlw   b'01111000' ; /o
0116   3400           00087         retlw   b'00000000' ; 
0117   3401           00088         retlw   b'00000001' ; W
0118   3403           00089         retlw   b'00000011' ; 
0119   343C           00090         retlw   b'00111100' ; 
011A   34C0           00091         retlw   b'11000000' ; 
011B   343C           00092         retlw   b'00111100' ; 
011C   3402           00093         retlw   b'00000010' ; 
011D   343C           00094         retlw   b'00111100' ; 
011E   34C0           00095         retlw   b'11000000' ; 
011F   343C           00096         retlw   b'00111100' ; 
0120   3403           00097         retlw   b'00000011' ; 
0121   3479           00098         retlw   b'01111001' ; /W o
0122   3484           00099         retlw   b'10000100'     ; 
0123   3484           00100         retlw   b'10000100' ; 
MPASM  4.02 Released                               LOOKUP.ASM   6-9-2007  11:26:44         PAGE  3


LOC  OBJECT CODE     LINE SOURCE TEXT
  VALUE

0124   3484           00101         retlw   b'10000100' ;
0125   3478           00102         retlw   b'01111000' ; /o
0126   3480           00103         retlw   b'10000000' ; r
0127   34FC           00104         retlw   b'11111100' ; 
0128   3488           00105         retlw   b'10001000' ; 
0129   3404           00106         retlw   b'00000100' ; 
012A   3400           00107         retlw   b'00000000' ; 
012B   34FF           00108         retlw   b'11111111' ; l
012C   3480           00109         retlw   b'10000000' ;/l
012D   3478           00110         retlw   b'01111000' ;d
012E   3484           00111         retlw   b'10000100' ; 
012F   3484           00112         retlw   b'10000100' ; 
0130   34FF           00113         retlw   b'11111111' ; 
0131   3481           00114         retlw   b'10000001' ; /d
0132   3400           00115         retlw   b'00000000' ; 
0133   3400           00116         retlw   b'00000000' ;
0134   3447           00117         retlw   b'01000111' ;! 
0135   34AD           00118         retlw   b'10101101' ; 
0136   3447           00119         retlw   b'01000111' ; /! 
0137   3400           00120         retlw   b'00000000' ;
0138   3400           00121         retlw   b'00000000' ;
0139   3400           00122         retlw   b'00000000' ;
013A   3400           00123         retlw   b'00000000' ;
013B   3400           00124         retlw   b'00000000' ;
                      00125         end
MPASM  4.02 Released                               LOOKUP.ASM   6-9-2007  11:26:44         PAGE  4


SYMBOL TABLE
  LABEL                             VALUE 

ABDEN                             00000000
ABDOVF                            00000007
ADCON0                            0000001F
ADCON1                            0000009F
ADCS0                             00000004
ADCS1                             00000005
ADCS2                             00000006
ADDEN                             00000003
ADFM                              00000007
ADIE                              00000006
ADIF                              00000006
ADON                              00000000
ADRESH                            0000001E
ADRESL                            0000009E
ANS0                              00000000
ANS1                              00000001
ANS10                             00000002
ANS11                             00000003
ANS2                              00000002
ANS3                              00000003
ANS4                              00000004
ANS5                              00000005
ANS6                              00000006
ANS7                              00000007
ANS8                              00000000
ANS9                              00000001
ANSEL                             0000011E
ANSELH                            0000011F
BAUDCTL                           0000009B
BF                                00000000
BRG0                              00000000
BRG1                              00000001
BRG10                             00000002
BRG11                             00000003
BRG12                             00000004
BRG13                             00000005
BRG14                             00000006
BRG15                             00000007
BRG16                             00000003
BRG2                              00000002
BRG3                              00000003
BRG4                              00000004
BRG5                              00000005
BRG6                              00000006
BRG7                              00000007
BRG8                              00000000
BRG9                              00000001
BRGH                              00000002
C                                 00000000
C1CH0                             00000000
C1CH1                             00000001
C1IE                              00000005
C1IF                              00000005
MPASM  4.02 Released                               LOOKUP.ASM   6-9-2007  11:26:44         PAGE  5


SYMBOL TABLE
  LABEL                             VALUE 

C1OE                              00000005
C1ON                              00000007
C1OUT                             00000006
C1POL                             00000004
C1R                               00000002
C1SEN                             00000005
C1VREN                            00000007
C2CH0                             00000000
C2CH1                             00000001
C2IE                              00000006
C2IF                              00000006
C2OE                              00000005
C2ON                              00000007
C2OUT                             00000006
C2POL                             00000004
C2R                               00000002
C2REN                             00000004
C2SYNC                            00000000
C2VREN                            00000006
CCP1CON                           00000017
CCP1IE                            00000002
CCP1IF                            00000002
CCP1M0                            00000000
CCP1M1                            00000001
CCP1M2                            00000002
CCP1M3                            00000003
CCPR1H                            00000016
CCPR1L                            00000015
CHS0                              00000002
CHS1                              00000003
CHS2                              00000004
CHS3                              00000005
CKE                               00000006
CKP                               00000004
CM1CON0                           00000119
CM2CON0                           0000011A
CM2CON1                           0000011B
CREN                              00000004
CSRC                              00000007
D                                 00000005
DATA_ADDRESS                      00000005
DC                                00000001
DC1B0                             00000004
DC1B1                             00000005
D_A                               00000005
ECCPAS                            0000001D
ECCPAS0                           00000004
ECCPAS1                           00000005
ECCPAS2                           00000006
ECCPASE                           00000007
EEADR                             0000010D
EEADRH                            0000010F
EECON1                            0000018C
MPASM  4.02 Released                               LOOKUP.ASM   6-9-2007  11:26:44         PAGE  6


SYMBOL TABLE
  LABEL                             VALUE 

EECON2                            0000018D
EEDAT                             0000010C
EEDATA                            0000010C
EEDATH                            0000010E
EEIE                              00000004
EEIF                              00000004
EEPGD                             00000007
F                                 00000001
FERR                              00000002
FSR                               00000004
GIE                               00000007
GO                                00000001
GO_DONE                           00000001
GetNewLine                        000000F7
HTS                               00000002
I2C_DATA                          00000005
I2C_READ                          00000002
I2C_START                         00000003
I2C_STOP                          00000004
INDF                              00000000
INTCON                            0000000B
INTE                              00000004
INTEDG                            00000006
INTF                              00000001
IOC                               00000096
IOC0                              00000000
IOC1                              00000001
IOC2                              00000002
IOC3                              00000003
IOC4                              00000004
IOC5                              00000005
IOCA                              00000096
IOCA0                             00000000
IOCA1                             00000001
IOCA2                             00000002
IOCA3                             00000003
IOCA4                             00000004
IOCA5                             00000005
IOCB                              00000116
IOCB4                             00000004
IOCB5                             00000005
IOCB6                             00000006
IOCB7                             00000007
IRCF0                             00000004
IRCF1                             00000005
IRCF2                             00000006
IRP                               00000007
LTS                               00000001
MC1OUT                            00000007
MC2OUT                            00000006
MSK                               00000093
MainLoop                          0000000C
NOT_A                             00000005
MPASM  4.02 Released                               LOOKUP.ASM   6-9-2007  11:26:44         PAGE  7


SYMBOL TABLE
  LABEL                             VALUE 

NOT_ADDRESS                       00000005
NOT_BOR                           00000000
NOT_DONE                          00000001
NOT_PD                            00000003
NOT_POR                           00000001
NOT_RABPU                         00000007
NOT_T1SYNC                        00000002
NOT_TO                            00000004
NOT_W                             00000002
NOT_WRITE                         00000002
OERR                              00000001
OPTION_REG                        00000081
OSCCON                            0000008F
OSCTUNE                           00000090
OSFIE                             00000007
OSFIF                             00000007
OSTS                              00000003
P                                 00000004
P1M0                              00000006
P1M1                              00000007
PCL                               00000002
PCLATH                            0000000A
PCON                              0000008E
PDC0                              00000000
PDC1                              00000001
PDC2                              00000002
PDC3                              00000003
PDC4                              00000004
PDC5                              00000005
PDC6                              00000006
PEIE                              00000006
PIE1                              0000008C
PIE2                              0000008D
PIR1                              0000000C
PIR2                              0000000D
PORTA                             00000005
PORTB                             00000006
PORTC                             00000007
PR2                               00000092
PRSEN                             00000007
PS0                               00000000
PS1                               00000001
PS2                               00000002
PSA                               00000003
PSSAC0                            00000002
PSSAC1                            00000003
PSSBD0                            00000000
PSSBD1                            00000001
PSTRCON                           0000019D
PULSR                             00000002
PULSS                             00000003
PWM1CON                           0000001C
R                                 00000002
MPASM  4.02 Released                               LOOKUP.ASM   6-9-2007  11:26:44         PAGE  8


SYMBOL TABLE
  LABEL                             VALUE 

RABIE                             00000003
RABIF                             00000000
RCIDL                             00000006
RCIE                              00000005
RCIF                              00000005
RCREG                             0000001A
RCSTA                             00000018
RD                                00000000
READ_WRITE                        00000002
RP0                               00000005
RP1                               00000006
RX9                               00000006
RX9D                              00000000
R_W                               00000002
S                                 00000003
SBOREN                            00000004
SCKP                              00000004
SCS                               00000000
SENB                              00000003
SMP                               00000007
SPBRG                             00000099
SPBRGH                            0000009A
SPEN                              00000007
SR0                               00000006
SR1                               00000007
SRCON                             0000019E
SREN                              00000005
SSPADD                            00000093
SSPBUF                            00000013
SSPCON                            00000014
SSPEN                             00000005
SSPIE                             00000003
SSPIF                             00000003
SSPM0                             00000000
SSPM1                             00000001
SSPM2                             00000002
SSPM3                             00000003
SSPMSK                            00000093
SSPOV                             00000006
SSPSTAT                           00000094
STATUS                            00000003
STRA                              00000000
STRB                              00000001
STRC                              00000002
STRD                              00000003
STRSYNC                           00000004
SWDTEN                            00000000
SYNC                              00000004
Start                             00000000
T0CS                              00000005
T0IE                              00000005
T0IF                              00000002
T0SE                              00000004
MPASM  4.02 Released                               LOOKUP.ASM   6-9-2007  11:26:44         PAGE  9


SYMBOL TABLE
  LABEL                             VALUE 

T1CKPS0                           00000004
T1CKPS1                           00000005
T1CON                             00000010
T1GINV                            00000007
T1GSS                             00000001
T1IE                              00000000
T1IF                              00000000
T1OSCEN                           00000003
T2CKPS0                           00000000
T2CKPS1                           00000001
T2CON                             00000012
T2IE                              00000001
T2IF                              00000001
TMR0                              00000001
TMR1CS                            00000001
TMR1GE                            00000006
TMR1H                             0000000F
TMR1IE                            00000000
TMR1IF                            00000000
TMR1L                             0000000E
TMR1ON                            00000000
TMR2                              00000011
TMR2IE                            00000001
TMR2IF                            00000001
TMR2ON                            00000002
TOUTPS0                           00000003
TOUTPS1                           00000004
TOUTPS2                           00000005
TOUTPS3                           00000006
TRISA                             00000085
TRISA0                            00000000
TRISA1                            00000001
TRISA2                            00000002
TRISA3                            00000003
TRISA4                            00000004
TRISA5                            00000005
TRISB                             00000086
TRISB4                            00000004
TRISB5                            00000005
TRISB6                            00000006
TRISB7                            00000007
TRISC                             00000087
TRISC0                            00000000
TRISC1                            00000001
TRISC2                            00000002
TRISC3                            00000003
TRISC4                            00000004
TRISC5                            00000005
TRISC6                            00000006
TRISC7                            00000007
TRMT                              00000001
TUN0                              00000000
TUN1                              00000001
MPASM  4.02 Released                               LOOKUP.ASM   6-9-2007  11:26:44         PAGE 10


SYMBOL TABLE
  LABEL                             VALUE 

TUN2                              00000002
TUN3                              00000003
TUN4                              00000004
TX9                               00000006
TX9D                              00000000
TXEN                              00000005
TXIE                              00000004
TXIF                              00000004
TXREG                             00000019
TXSTA                             00000098
TableStart                        00000100
UA                                00000001
ULPWUE                            00000005
VCFG                              00000006
VP6EN                             00000004
VR0                               00000000
VR1                               00000001
VR2                               00000002
VR3                               00000003
VRCON                             00000118
VRR                               00000005
W                                 00000000
WCOL                              00000007
WDTCON                            00000097
WDTPS0                            00000001
WDTPS1                            00000002
WDTPS2                            00000003
WDTPS3                            00000004
WPU                               00000095
WPUA                              00000095
WPUA0                             00000000
WPUA1                             00000001
WPUA2                             00000002
WPUA4                             00000004
WPUA5                             00000005
WPUB                              00000115
WPUB4                             00000004
WPUB5                             00000005
WPUB6                             00000006
WPUB7                             00000007
WR                                00000001
WREN                              00000002
WRERR                             00000003
WUE                               00000001
Z                                 00000002
_BOR_NSLEEP                       00003EFF
_BOR_OFF                          00003CFF
_BOR_ON                           00003FFF
_BOR_SBODEN                       00003DFF
_CPD_OFF                          00003FFF
_CPD_ON                           00003F7F
_CP_OFF                           00003FFF
_CP_ON                            00003FBF
MPASM  4.02 Released                               LOOKUP.ASM   6-9-2007  11:26:44         PAGE 11


SYMBOL TABLE
  LABEL                             VALUE 

_EC_OSC                           00003FFB
_EXTRC                            00003FFF
_EXTRCIO                          00003FFE
_EXTRC_OSC_CLKOUT                 00003FFF
_EXTRC_OSC_NOCLKOUT               00003FFE
_FCMEN_OFF                        000037FF
_FCMEN_ON                         00003FFF
_HS_OSC                           00003FFA
_IESO_OFF                         00003BFF
_IESO_ON                          00003FFF
_INTOSC                           00003FFD
_INTOSCIO                         00003FFC
_INTRC_OSC_CLKOUT                 00003FFD
_INTRC_OSC_NOCLKOUT               00003FFC
_LP_OSC                           00003FF8
_MCLRE_OFF                        00003FDF
_MCLRE_ON                         00003FFF
_PWRTE_OFF                        00003FFF
_PWRTE_ON                         00003FEF
_WDT_OFF                          00003FF7
_WDT_ON                           00003FFF
_XT_OSC                           00003FF9
__16F690                          00000001
count                             00000020
temp                              00000021


MEMORY USAGE MAP ('X' = Used,  '-' = Unused)

0000 : XXXXXXXXXXXXXXXX XXXXXXXXX------- ---------------- ----------------
00C0 : ---------------- ---------------- ---------------- -------XXXXXXXXX
0100 : XXXXXXXXXXXXXXXX XXXXXXXXXXXXXXXX XXXXXXXXXXXXXXXX XXXXXXXXXXXX----
2000 : -------X-------- ---------------- ---------------- ----------------

All other memory blocks unused.

Program Memory Words Used:    94
Program Memory Words Free:  4002


Errors   :     0
Warnings :     0 reported,     0 suppressed
Messages :     2 reported,     0 suppressed

