

HI-TECH Software PICC Macro Assembler V9.50PL2
                                                      Thu Feb 08 13:55:15 2007


     1                           	processor	16F690
     2                           	opt	pw 79
     3                           	psect	text0,local,class=CODE,delta=2
     4                           	psect	config,global,class=CONFIG,delta=2
     5                           	psect	text1,local,class=CODE,delta=2
     6                           	psect	rbss_0,global,class=BANK0,space=1,delta=
      +                          1
     7  0000                     
     8  0000                     
     9  0000                     
    10  0000                     
    11  0000                     
    12  0000                     
    13  0000                     
    14  0000                     
    15  0000                     
    16  0000                     
    17                           
    18                           	psect	text0
    19  0794                     _main	;#
    20                           ;hello world.c: 6: TRISC=0;
    21  0794  1683               	bsf	3,5
    22  0795  1303               	bcf	3,6	;carry unused
    23  0796  0187               	clrf	7	;volatile
    24                           ;hello world.c: 7: TRISA=0;
    25  0797  0185               	clrf	5	;volatile
    26                           ;hello world.c: 8: while(1){
    27                           ;hello world.c: 9: PORTC=1;
    28  0798  3001               	movlw	1
    29  0799                     L1
    30  0799  1283               	bcf	3,5
    31  079A  0087               	movwf	7	;volatile
    32                           ;hello world.c: 10: for(i=0;i<=10000;i++);
    33  079B  01A0               	clrf	_i
    34  079C  01A1               	clrf	_i+1
    35  079D                     l8
    36  079D  3027               	movlw	39
    37  079E  0221               	subwf	_i+1,w
    38  079F  3011               	movlw	17
    39  07A0  1903               	btfsc	3,2
    40  07A1  0220               	subwf	_i,w
    41  07A2  1803               	btfsc	3,0
    42  07A3  2FA8               	goto	l6
    43  07A4  0AA0               	incf	_i
    44  07A5  1903               	btfsc	3,2
    45  07A6  0AA1               	incf	_i+1
    46  07A7  2F9D               	goto	l8
    47  07A8                     l6
    48                           ;hello world.c: 11: PORTC=2;
    49  07A8  3002               	movlw	2
    50  07A9  0087               	movwf	7	;volatile
    51                           ;hello world.c: 12: for(i=0;i<=10000;i++);
    52  07AA  01A0               	clrf	_i
    53  07AB  01A1               	clrf	_i+1
    54  07AC                     l12
    55  07AC  3027               	movlw	39
    56  07AD  0221               	subwf	_i+1,w
    57  07AE  3011               	movlw	17
    58  07AF  1903               	btfsc	3,2
    59  07B0  0220               	subwf	_i,w
    60  07B1  1803               	btfsc	3,0
    61  07B2  2FB7               	goto	l10
    62  07B3  0AA0               	incf	_i
    63  07B4  1903               	btfsc	3,2
    64  07B5  0AA1               	incf	_i+1
    65  07B6  2FAC               	goto	l12
    66  07B7                     l10
    67                           ;hello world.c: 13: PORTC=4;
    68  07B7  3004               	movlw	4
    69  07B8  0087               	movwf	7	;volatile
    70                           ;hello world.c: 14: for(i=0;i<=10000;i++);
    71  07B9  01A0               	clrf	_i
    72  07BA  01A1               	clrf	_i+1
    73  07BB                     l16
    74  07BB  3027               	movlw	39
    75  07BC  0221               	subwf	_i+1,w
    76  07BD  3011               	movlw	17
    77  07BE  1903               	btfsc	3,2
    78  07BF  0220               	subwf	_i,w
    79  07C0  1803               	btfsc	3,0
    80  07C1  2FC6               	goto	l14
    81  07C2  0AA0               	incf	_i
    82  07C3  1903               	btfsc	3,2
    83  07C4  0AA1               	incf	_i+1
    84  07C5  2FBB               	goto	l16
    85  07C6                     l14
    86                           ;hello world.c: 15: PORTC=8;
    87  07C6  3008               	movlw	8
    88  07C7  0087               	movwf	7	;volatile
    89                           ;hello world.c: 16: for(i=0;i<=10000;i++);
    90  07C8  01A0               	clrf	_i
    91  07C9  01A1               	clrf	_i+1
    92  07CA                     l20
    93  07CA  3027               	movlw	39
    94  07CB  0221               	subwf	_i+1,w
    95  07CC  3011               	movlw	17
    96  07CD  1903               	btfsc	3,2
    97  07CE  0220               	subwf	_i,w
    98  07CF  1803               	btfsc	3,0
    99  07D0  2FD5               	goto	l18
   100  07D1  0AA0               	incf	_i
   101  07D2  1903               	btfsc	3,2
   102  07D3  0AA1               	incf	_i+1
   103  07D4  2FCA               	goto	l20
   104  07D5                     l18
   105                           ;hello world.c: 17: for(i=0;i<=200;i++){
   106  07D5  01A0               	clrf	_i
   107  07D6  01A1               	clrf	_i+1
   108  07D7                     l24
   109  07D7  3000               	movlw	0
   110  07D8  0221               	subwf	_i+1,w
   111  07D9  30C9               	movlw	201
   112  07DA  1903               	btfsc	3,2
   113  07DB  0220               	subwf	_i,w
   114                           ;hello world.c: 18: PORTA=1;
   115  07DC  3001               	movlw	1
   116  07DD  1803               	btfsc	3,0
   117  07DE  2F99               	goto	L1
   118  07DF  0085               	movwf	5	;volatile
   119                           ;hello world.c: 19: for(j=0;j<=150;j++);
   120  07E0  01A2               	clrf	_j
   121  07E1  01A3               	clrf	_j+1
   122  07E2                     l28
   123  07E2  3000               	movlw	0
   124  07E3  0223               	subwf	_j+1,w
   125  07E4  3097               	movlw	151
   126  07E5  1903               	btfsc	3,2
   127  07E6  0222               	subwf	_j,w
   128  07E7  1803               	btfsc	3,0
   129  07E8  2FED               	goto	l26
   130  07E9  0AA2               	incf	_j
   131  07EA  1903               	btfsc	3,2
   132  07EB  0AA3               	incf	_j+1
   133  07EC  2FE2               	goto	l28
   134  07ED                     l26
   135                           ;hello world.c: 20: PORTA=2;
   136  07ED  3002               	movlw	2
   137  07EE  0085               	movwf	5	;volatile
   138                           ;hello world.c: 21: for(j=0;j<=150;j++);
   139  07EF  01A2               	clrf	_j
   140  07F0  01A3               	clrf	_j+1
   141  07F1                     l32
   142  07F1  3000               	movlw	0
   143  07F2  0223               	subwf	_j+1,w
   144  07F3  3097               	movlw	151
   145  07F4  1903               	btfsc	3,2
   146  07F5  0222               	subwf	_j,w
   147  07F6  1803               	btfsc	3,0
   148  07F7  2FFC               	goto	l30
   149  07F8  0AA2               	incf	_j
   150  07F9  1903               	btfsc	3,2
   151  07FA  0AA3               	incf	_j+1
   152  07FB  2FF1               	goto	l32
   153  07FC                     l30
   154  07FC  0AA0               	incf	_i
   155  07FD  1903               	btfsc	3,2
   156  07FE  0AA1               	incf	_i+1
   157  07FF  2FD7               	goto	l24
   158                           
   159                           	psect	config
   160                           ;hello world.c: 4: void main(void){
   161  2007  00D4               	dw	212	;#
   162                           
   163                           	psect	text1
   164  0000                     
   165  0000                     
   166  0000                     
   167  0000                     
   168  0000                     
   169  0000                     
   170  0000                     
   171  0000                     
   172  0000                     
   173  0000                     
   174  0000                     
   175  0000                     
   176  0000                     
   177  0000                     
   178  0000                     
   179  0000                     
   180  0000                     
   181  0000                     
   182  0000                     
   183  0000                     
   184  0000                     
   185  0000                     
   186  0000                     
   187  0000                     
   188  0000                     
   189  0000                     
   190  0000                     
   191  0000                     
   192  0000                     
   193  0000                     
   194  0000                     
   195  0000                     
   196  0000                     
   197  0000                     
   198  0000                     
   199  0000                     
   200  0000                     
   201  0000                     
   202  0000                     
   203  0000                     
   204  0000                     
   205  0000                     
   206  0000                     
   207  0000                     
   208  0000                     
   209  0000                     
   210  0000                     
   211  0000                     
   212  0000                     
   213  0000                     
   214  0000                     
   215  0000                     
   216  0000                     
   217  0000                     
   218  0000                     
   219  0000                     
   220  0000                     
   221  0000                     
   222  0000                     
   223  0000                     
   224  0000                     
   225  0000                     
   226  0000                     
   227  0000                     
   228  0000                     
   229  0000                     
   230  0000                     
   231  0000                     
   232  0000                     
   233  0000                     
   234  0000                     
   235  0000                     
   236  0000                     
   237  0000                     
   238  0000                     
   239  0000                     
   240  0000                     
   241  0000                     
   242  0000                     
   243  0000                     
   244  0000                     
   245  0000                     
   246  0000                     
   247  0000                     
   248  0000                     
   249  0000                     
   250  0000                     
   251  0000                     
   252  0000                     
   253  0000                     
   254  0000                     
   255  0000                     
   256  0000                     
   257  0000                     
   258  0000                     
   259  0000                     
   260  0000                     
   261  0000                     
   262  0000                     
   263  0000                     
   264  0000                     
   265  0000                     
   266  0000                     
   267  0000                     
   268  0000                     
   269  0000                     
   270  0000                     
   271  0000                     
   272  0000                     
   273  0000                     
   274  0000                     
   275  0000                     
   276  0000                     
   277  0000                     
   278  0000                     
   279  0000                     
   280  0000                     
   281  0000                     
   282  0000                     
   283  0000                     
   284  0000                     
   285  0000                     
   286  0000                     
   287  0000                     
   288  0000                     
   289  0000                     
   290  0000                     
   291  0000                     
   292  0000                     
   293  0000                     
   294  0000                     
   295  0000                     
   296  0000                     
   297  0000                     
   298  0000                     
   299  0000                     
   300  0000                     
   301  0000                     
   302  0000                     
   303  0000                     
   304  0000                     
   305  0000                     
   306  0000                     
   307  0000                     
   308  0000                     
   309  0000                     
   310  0000                     
   311  0000                     
   312  0000                     
   313  0000                     
   314  0000                     
   315  0000                     
   316  0000                     
   317  0000                     
   318  0000                     
   319  0000                     
   320  0000                     
   321  0000                     
   322  0000                     
   323  0000                     
   324  0000                     
   325  0000                     
   326  0000                     
   327  0000                     
   328  0000                     
   329  0000                     
   330  0000                     
   331  0000                     
   332  0000                     
   333  0000                     
   334  0000                     
   335  0000                     
   336  0000                     
   337  0000                     
   338  0000                     
   339  0000                     
   340  0000                     
   341  0000                     
   342  0000                     
   343  0000                     
   344  0000                     
   345  0000                     
   346  0000                     
   347  0000                     
   348  0000                     
   349  0000                     
   350  0000                     
   351  0000                     
   352  0000                     
   353  0000                     
   354  0000                     
   355  0000                     
   356  0000                     
   357  0000                     
   358  0000                     
   359  0000                     
   360  0000                     
   361  0000                     
   362  0000                     
   363  0000                     
   364  0000                     
   365  0000                     
   366  0000                     
   367  0000                     
   368  0000                     
   369  0000                     
   370  0000                     
   371  0000                     
   372  0000                     
   373  0000                     
   374  0000                     
   375  0000                     
   376  0000                     
   377  0000                     
   378  0000                     
   379  0000                     
   380  0000                     
   381  0000                     
   382  0000                     
   383  0000                     
   384  0000                     
   385  0000                     
   386  0000                     
   387  0000                     
   388  0000                     
   389  0000                     
   390  0000                     
   391  0000                     
   392  0000                     
   393  0000                     
   394  0000                     
   395  0000                     
   396  0000                     
   397  0000                     
   398  0000                     
   399  0000                     
   400  0000                     
   401  0000                     
   402  0000                     
   403  0000                     
   404  0000                     
   405  0000                     
   406  0000                     
   407  0000                     
   408  0000                     
   409  0000                     
   410  0000                     
   411  0000                     
   412  0000                     
   413  0000                     
   414  0000                     
   415  0000                     
   416  0000                     
   417  0000                     
   418  0000                     
   419  0000                     
   420  0000                     
   421  0000                     
   422  0000                     
   423  0000                     
   424  0000                     
   425  0000                     
   426  0000                     
   427  0000                     
   428  0000                     
   429  0000                     
   430  0000                     
   431  0000                     
   432  0000                     
   433  0000                     
   434  0000                     
   435  0000                     
   436  0000                     
   437  0000                     
   438  0000                     
   439  0000                     
   440  0000                     
   441  0000                     
   442  0000                     
   443  0000                     
   444  0000                     
   445  0000                     
   446  0000                     
   447  0000                     
   448  0000                     
   449  0000                     
   450  0000                     
   451  0000                     
   452  0000                     
   453  0000                     
   454  0000                     
   455  0000                     
   456  0000                     
   457  0000                     
   458  0000                     
   459  0000                     
   460  0000                     
   461  0000                     
   462  0000                     
   463  0000                     
   464  0000                     
   465  0000                     
   466  0000                     
   467  0000                     
   468  0000                     
   469  0000                     
   470  0000                     
   471  0000                     
   472  0000                     
   473  0000                     
   474  0000                     
   475  0000                     
   476  0000                     
   477  0000                     
   478  0000                     
   479  0000                     
   480  0000                     
   481  0000                     
   482  0000                     
   483  0000                     
   484  0000                     
   485  0000                     
   486  0000                     
   487  0000                     
   488  0000                     
   489  0000                     
   490  0000                     
   491  0000                     
   492  0000                     
   493  0000                     
   494  0000                     
   495  0000                     
   496  0000                     
   497  0000                     
   498  0000                     
   499  0000                     
   500  0000                     
   501  0000                     
   502  0000                     
   503  0000                     
   504  0000                     
   505  0000                     
   506  0000                     
   507  0000                     
   508  0000                     
   509  0000                     
   510  0000                     
   511  0000                     
   512  0000                     
   513  0000                     
   514  0000                     
   515  0000                     
   516                           
   517                           	psect	rbss_0
   518  0020                     _i
   519  0020                     	ds	2
   520  0022                     _j
   521  0022                     	ds	2


HI-TECH Software PICC Macro Assembler V9.50PL2
Symbol Table                                          Thu Feb 08 13:55:15 2007

      l6 07A8        l8 079D        _i 0020        _j 0022       l10 07B7  
     l20 07CA       l12 07AC       l30 07FC       l14 07C6       l32 07F1  
     l24 07D7       l16 07BB       l26 07ED       l18 07D5       l28 07E2  
   _main 0794     start 0000    status 0003  
