

HI-TECH Software PICC Macro Assembler V9.50PL2
                                                      Sat Feb 17 15:52:19 2007


     1                           	processor	16F690
     2                           	opt	pw 79
     3                           	psect	text0,local,class=CODE,delta=2
     4                           	psect	config,global,class=CONFIG,delta=2
     5                           	psect	intcode,global,class=CODE,delta=2
     6                           	psect	intsave_0,global,ovrld,class=COMBANK,spa
      +                          ce=1,delta=1
     7                           	psect	intret,global,class=CODE,delta=2
     8                           	psect	intentry,global,class=CODE,delta=2
     9                           	psect	intsave,global,class=BANK0,space=1,delta
      +                          =1
    10                           	psect	text1,local,class=CODE,delta=2
    11                           	psect	text2,local,class=CODE,delta=2
    12                           	psect	text3,local,class=CODE,delta=2
    13                           	psect	rbss_0,global,class=BANK0,space=1,delta=
      +                          1
    14                           	psect	rbss_1,global,class=BANK1,space=1,delta=
      +                          1
    15  0000                     
    16  0000                     
    17  0000                     
    18  0000                     
    19  0000                     
    20  0000                     
    21  0000                     
    22  0000                     
    23  0000                     
    24  0000                     	;#
    25                           
    26                           	psect	config
    27  2007  0044               	dw	68	;#
    28                           
    29                           	psect	intcode
    30  000A                     _isr
    31  000A                     int_func
    32                           ;Knight rider.c: 56: interrupt isr(void){
    33  000A  138B               	bcf	11,7
    34                           ;Knight rider.c: 58: if(!cyccount--){
    35  000B  1683               	bsf	3,5
    36  000C  1303               	bcf	3,6	;carry unused
    37  000D  0822               	movf	_cyccount^(0+128),w
    38  000E  1903               	btfsc	3,2
    39  000F  03A3               	decf	(_cyccount+1)^(0+128)
    40  0010  03A2               	decf	_cyccount^(0+128)
    41  0011  0A22               	incf	_cyccount^(0+128),w
    42  0012  1903               	btfsc	3,2
    43  0013  0A23               	incf	(_cyccount+1)^(0+128),w
    44  0014  1D03               	btfss	3,2
    45  0015  2862               	goto	l6
    46                           ;Knight rider.c: 59: if((inti++)>18)inti=0;
    47  0016  3013               	movlw	19
    48  0017  1283               	bcf	3,5
    49  0018  0222               	subwf	_inti,w
    50  0019  0AA2               	incf	_inti
    51  001A  1803               	btfsc	3,0
    52  001B  01A2               	clrf	_inti
    53                           ;Knight rider.c: 60: if(inti ==1){
    54  001C  0B22               	decfsz	_inti,w
    55  001D  2822               	goto	l8
    56                           ;Knight rider.c: 61: PORTB&=192;
    57  001E  30C0               	movlw	-64
    58  001F  0586               	andwf	6	;volatile
    59                           ;Knight rider.c: 62: PORTC=1;
    60  0020  3001               	movlw	1
    61  0021  283E               	goto	L1
    62                           ;Knight rider.c: 63: }
    63  0022                     l8
    64                           ;Knight rider.c: 64: else if(inti<8) PORTC<<=1;
    65  0022  3008               	movlw	8
    66  0023  0222               	subwf	_inti,w
    67  0024  1803               	btfsc	3,0
    68  0025  2829               	goto	l10
    69  0026  1003               	bcf	3,0
    70  0027  0D87               	rlf	7	;volatile
    71  0028  2842               	goto	l9
    72  0029                     l10
    73                           ;Knight rider.c: 65: else if(inti==8){
    74  0029  0822               	movf	_inti,w
    75  002A  3A08               	xorlw	8
    76  002B  1D03               	btfss	3,2
    77  002C  2830               	goto	l12
    78                           ;Knight rider.c: 66: PORTC=0;
    79  002D  0187               	clrf	7	;volatile
    80                           ;Knight rider.c: 67: PORTB|=16;
    81  002E  1606               	bsf	6,4	;volatile
    82                           ;Knight rider.c: 68: }
    83  002F  2842               	goto	l9
    84  0030                     l12
    85                           ;Knight rider.c: 69: else if(inti<11) PORTB^=48
      +                          ;
    86  0030  300B               	movlw	11
    87  0031  0222               	subwf	_inti,w
    88  0032  1803               	btfsc	3,0
    89  0033  2837               	goto	l14
    90  0034  3030               	movlw	48
    91  0035  0686               	xorwf	6	;volatile
    92  0036  2842               	goto	l9
    93  0037                     l14
    94                           ;Knight rider.c: 70: else if(inti==11){
    95  0037  0822               	movf	_inti,w
    96  0038  3A0B               	xorlw	11
    97  0039  1D03               	btfss	3,2
    98  003A  2840               	goto	l16
    99                           ;Knight rider.c: 71: PORTB&=192;
   100  003B  30C0               	movlw	-64
   101  003C  0586               	andwf	6	;volatile
   102                           ;Knight rider.c: 72: PORTC=128;
   103  003D  3080               	movlw	-128
   104  003E                     L1
   105  003E  0087               	movwf	7	;volatile
   106                           ;Knight rider.c: 73: }
   107  003F  2842               	goto	l9
   108  0040                     l16
   109                           ;Knight rider.c: 74: else PORTC>>=1;
   110  0040  1003               	bcf	3,0
   111  0041  0C87               	rrf	7	;volatile
   112  0042                     l9
   113                           ;Knight rider.c: 76: if(inti<10) intii = inti;
   114  0042  300A               	movlw	10
   115  0043  0222               	subwf	_inti,w
   116  0044  0822               	movf	_inti,w
   117  0045  1803               	btfsc	3,0
   118                           ;Knight rider.c: 77: else intii=18-inti;
   119  0046  3C12               	sublw	18
   120  0047  00A3               	movwf	_intii
   121                           ;Knight rider.c: 78: cyccount = cycles[intii];
   122  0048  0723               	addwf	_intii,w
   123  0049  3EC0               	addlw	_cycles
   124  004A  0084               	movwf	4
   125  004B  1383               	bcf	3,7
   126  004C  0800               	movf	0,w
   127  004D  1683               	bsf	3,5
   128  004E  00A2               	movwf	_cyccount^(0+128)
   129  004F  0A84               	incf	4
   130  0050  0800               	movf	0,w
   131  0051  00A3               	movwf	(_cyccount+1)^(0+128)
   132                           ;Knight rider.c: 79: T2CON=T2_Arr[intii].bytewi
      +                          se.T2_con;
   133  0052  1283               	bcf	3,5
   134  0053  0823               	movf	_intii,w
   135  0054  0723               	addwf	_intii,w
   136  0055  3EAC               	addlw	_T2_Arr
   137  0056  0084               	movwf	4
   138  0057  1383               	bcf	3,7
   139  0058  0800               	movf	0,w
   140  0059  0092               	movwf	18
   141                           ;Knight rider.c: 80: PR2=T2_Arr[intii].bytewise
      +                          .PR2;
   142  005A  1403               	bsf	3,0
   143  005B  0D23               	rlf	_intii,w
   144  005C  3EAC               	addlw	_T2_Arr
   145  005D  0084               	movwf	4
   146  005E  1383               	bcf	3,7
   147  005F  0800               	movf	0,w
   148  0060  1683               	bsf	3,5
   149  0061  0092               	movwf	18
   150  0062                     l6
   151                           ;Knight rider.c: 81: }
   152  0062  30C0               	movlw	-64
   153  0063  1283               	bcf	3,5
   154  0064  0686               	xorwf	6	;volatile
   155                           ;Knight rider.c: 83: TMR2IF=0;
   156  0065  108C               	bcf	12,1
   157                           ;Knight rider.c: 84: GIE=1;
   158  0066  178B               	bsf	11,7
   159                           
   160                           	psect	intsave_0
   161  0070                     saved_w
   162  0070                     	ds	1
   163                           
   164                           	psect	intret
   165  0067  0831               	movf	saved_fsr,w
   166  0068  0084               	movwf	4	;restore FSR
   167  0069                     int_restore
   168  0069  0830               	movf	saved_status,w
   169  006A  0083               	movwf	3
   170  006B  0EF0               	swapf	saved_w
   171  006C  0E70               	swapf	saved_w,w
   172  006D  0009               	retfie
   173                           
   174                           	psect	intentry
   175  0004                     int_entry
   176  0004  00F0               	movwf	saved_w
   177  0005  0803               	movf	3,w
   178  0006  0183               	clrf	3
   179  0007  00B0               	movwf	saved_status
   180  0008  0804               	movf	4,w
   181  0009  00B1               	movwf	saved_fsr
   182                           
   183                           	psect	intsave
   184  0030                     saved_status
   185  0030                     	ds	1
   186  0031                     saved_fsr
   187  0031                     	ds	1
   188                           
   189                           	psect	text1
   190  007F                     _main
   191                           ;Knight rider.c: 88: void main(void){
   192  007F  3070               	movlw	112
   193  0080  1683               	bsf	3,5
   194  0081  1303               	bcf	3,6	;carry unused
   195  0082  0085               	movwf	5	;volatile
   196                           ;Knight rider.c: 95: TRISB=0;
   197  0083  0186               	clrf	6	;volatile
   198                           ;Knight rider.c: 96: TRISC=0;
   199  0084  0187               	clrf	7	;volatile
   200                           ;Knight rider.c: 97: PORTB=128;
   201  0085  3080               	movlw	-128
   202  0086  1283               	bcf	3,5
   203  0087  0086               	movwf	6	;volatile
   204                           ;Knight rider.c: 100: ANSEL=0b00000111;
   205  0088  3007               	movlw	7
   206  0089  1703               	bsf	3,6
   207  008A  009E               	movwf	30
   208                           ;Knight rider.c: 101: ANSELH=0;
   209  008B  019F               	clrf	31
   210                           ;Knight rider.c: 102: ADCON0=0b10000001;
   211  008C  3081               	movlw	-127
   212  008D  1303               	bcf	3,6	;carry unused
   213  008E  009F               	movwf	31	;volatile
   214                           ;Knight rider.c: 103: ADCON1=0b00100000;
   215  008F  3020               	movlw	32
   216  0090  1683               	bsf	3,5
   217  0091  009F               	movwf	31
   218                           ;Knight rider.c: 104: ADIE=0;
   219  0092  130C               	bcf	12,6
   220                           ;Knight rider.c: 106: PEIE=1;
   221  0093  170B               	bsf	11,6
   222                           ;Knight rider.c: 107: TMR2IE=1;
   223  0094  148C               	bsf	12,1
   224                           ;Knight rider.c: 108: TMR2IF=0;
   225  0095  1283               	bcf	3,5
   226  0096  108C               	bcf	12,1
   227                           ;Knight rider.c: 109: GIE=1;
   228  0097  178B               	bsf	11,7
   229                           ;Knight rider.c: 110: PR2=255;
   230  0098  30FF               	movlw	-1
   231  0099  1683               	bsf	3,5
   232  009A  0092               	movwf	18
   233                           ;Knight rider.c: 111: T2CON=255;
   234  009B  1283               	bcf	3,5
   235  009C  0092               	movwf	18
   236                           ;Knight rider.c: 117: T2_Arr[0].bytewise.T2_con
      +                          =117;
   237  009D  3075               	movlw	117
   238  009E  1683               	bsf	3,5
   239  009F  00AC               	movwf	_T2_Arr^(0+128)
   240                           ;Knight rider.c: 118: T2_Arr[0].bytewise.PR2=13
      +                          9;
   241  00A0  308B               	movlw	-117
   242  00A1  00AD               	movwf	(_T2_Arr+1)^(0+128)
   243                           ;Knight rider.c: 119: T2_Arr[1].bytewise.T2_con
      +                          =61;
   244  00A2  303D               	movlw	61
   245  00A3  00AE               	movwf	(_T2_Arr+2)^(0+128)
   246                           ;Knight rider.c: 120: T2_Arr[1].bytewise.PR2=23
      +                          6;
   247  00A4  30EC               	movlw	-20
   248  00A5  00AF               	movwf	(_T2_Arr+3)^(0+128)
   249                           ;Knight rider.c: 121: T2_Arr[2].bytewise.T2_con
      +                          =30;
   250  00A6  301E               	movlw	30
   251  00A7  00B0               	movwf	(_T2_Arr+4)^(0+128)
   252                           ;Knight rider.c: 122: T2_Arr[2].bytewise.PR2=10
      +                          7;
   253  00A8  306B               	movlw	107
   254  00A9  00B1               	movwf	(_T2_Arr+5)^(0+128)
   255                           ;Knight rider.c: 123: T2_Arr[3].bytewise.T2_con
      +                          =30;
   256  00AA  301E               	movlw	30
   257  00AB  00B2               	movwf	(_T2_Arr+6)^(0+128)
   258                           ;Knight rider.c: 124: T2_Arr[3].bytewise.PR2=97
      +                          ;
   259  00AC  3061               	movlw	97
   260  00AD  00B3               	movwf	(_T2_Arr+7)^(0+128)
   261                           ;Knight rider.c: 125: T2_Arr[4].bytewise.T2_con
      +                          =53;
   262  00AE  3035               	movlw	53
   263  00AF  00B4               	movwf	(_T2_Arr+8)^(0+128)
   264                           ;Knight rider.c: 126: T2_Arr[4].bytewise.PR2=20
      +                          1;
   265  00B0  30C9               	movlw	-55
   266  00B1  00B5               	movwf	(_T2_Arr+9)^(0+128)
   267                           ;Knight rider.c: 127: T2_Arr[5].bytewise.T2_con
      +                          =86;
   268  00B2  3056               	movlw	86
   269  00B3  00B6               	movwf	(_T2_Arr+10)^(0+128)
   270                           ;Knight rider.c: 128: T2_Arr[5].bytewise.PR2=29
      +                          ;
   271  00B4  301D               	movlw	29
   272  00B5  00B7               	movwf	(_T2_Arr+11)^(0+128)
   273                           ;Knight rider.c: 129: T2_Arr[6].bytewise.T2_con
      +                          =101;
   274  00B6  3065               	movlw	101
   275  00B7  00B8               	movwf	(_T2_Arr+12)^(0+128)
   276                           ;Knight rider.c: 130: T2_Arr[6].bytewise.PR2=89
      +                          ;
   277  00B8  3059               	movlw	89
   278  00B9  00B9               	movwf	(_T2_Arr+13)^(0+128)
   279                           ;Knight rider.c: 131: T2_Arr[7].bytewise.T2_con
      +                          =37;
   280  00BA  3025               	movlw	37
   281  00BB  00BA               	movwf	(_T2_Arr+14)^(0+128)
   282                           ;Knight rider.c: 132: T2_Arr[7].bytewise.PR2=21
      +                          0;
   283  00BC  30D2               	movlw	-46
   284  00BD  00BB               	movwf	(_T2_Arr+15)^(0+128)
   285                           ;Knight rider.c: 133: T2_Arr[8].bytewise.T2_con
      +                          =124;
   286  00BE  307C               	movlw	124
   287  00BF  00BC               	movwf	(_T2_Arr+16)^(0+128)
   288                           ;Knight rider.c: 134: T2_Arr[8].bytewise.PR2=23
      +                          8;
   289  00C0  30EE               	movlw	-18
   290  00C1  00BD               	movwf	(_T2_Arr+17)^(0+128)
   291                           ;Knight rider.c: 135: T2_Arr[9].bytewise.T2_con
      +                          =108;
   292  00C2  306C               	movlw	108
   293  00C3  00BE               	movwf	(_T2_Arr+18)^(0+128)
   294                           ;Knight rider.c: 136: T2_Arr[9].bytewise.PR2=24
      +                          6;
   295  00C4  30F6               	movlw	-10
   296  00C5  00BF               	movwf	(_T2_Arr+19)^(0+128)
   297                           ;Knight rider.c: 138: while(1){
   298  00C6                     l21
   299  00C6  28C6               	goto	l21
   300                           
   301                           	psect	text2
   302  00C7                     _A2Daccq
   303                           ;	__result assigned to ?a_A2Daccq+0
   304  0000                     _A2Daccq$_result	set	?a_A2Daccq
   305                           ;__result stored from w
   306  00C7  0183               	clrf	3	;select bank 0
   307  00C8  00AF               	movwf	?a_A2Daccq
   308                           ;Knight rider.c: 226: void A2Daccq(char *_resul
      +                          t,char _channel){
   309  00C9  082F               	movf	?_A2Daccq,w
   310  00CA  009F               	movwf	31	;volatile
   311                           ;Knight rider.c: 229: GODONE=1;
   312  00CB  149F               	bsf	31,1
   313                           ;Knight rider.c: 230: while(GODONE);
   314  00CC                     l25
   315  00CC  189F               	btfsc	31,1
   316  00CD  28CC               	goto	l25
   317                           ;Knight rider.c: 231: *_result=ADRESL;
   318  00CE  082F               	movf	?a_A2Daccq,w
   319  00CF  0084               	movwf	4
   320  00D0  1383               	bcf	3,7
   321  00D1  1683               	bsf	3,5
   322  00D2  081E               	movf	30,w	;volatile
   323  00D3  0080               	movwf	0
   324                           ;Knight rider.c: 232: _result++;
   325  00D4  1283               	bcf	3,5
   326  00D5  0AAF               	incf	?a_A2Daccq
   327                           ;Knight rider.c: 233: *_result=ADRESH;
   328  00D6  082F               	movf	?a_A2Daccq,w
   329  00D7  0084               	movwf	4
   330  00D8  081E               	movf	30,w	;volatile
   331  00D9  0080               	movwf	0
   332                           ;Knight rider.c: 234: }
   333  00DA  0008               	return	;W free
   334                           
   335                           	psect	text3
   336  0000                     
   337  0000                     
   338  0000                     
   339  0000                     
   340  0000                     
   341  0000                     
   342  0000                     
   343  0000                     
   344  0000                     
   345  0000                     
   346  0000                     
   347  0000                     
   348  0000                     
   349  0000                     
   350  0000                     
   351  0000                     
   352  0000                     
   353  0000                     
   354  0000                     
   355  0000                     
   356  0000                     
   357  0000                     
   358  0000                     
   359  0000                     
   360  0000                     
   361  0000                     
   362  0000                     
   363  0000                     
   364  0000                     
   365  0000                     
   366  0000                     
   367  0000                     
   368  0000                     
   369  0000                     
   370  0000                     
   371  0000                     
   372  0000                     
   373  0000                     
   374  0000                     
   375  0000                     
   376  0000                     
   377  0000                     
   378  0000                     
   379  0000                     
   380  0000                     
   381  0000                     
   382  0000                     
   383  0000                     
   384  0000                     
   385  0000                     
   386  0000                     
   387  0000                     
   388  0000                     
   389  0000                     
   390  0000                     
   391  0000                     
   392  0000                     
   393  0000                     
   394  0000                     
   395  0000                     
   396  0000                     
   397  0000                     
   398  0000                     
   399  0000                     
   400  0000                     
   401  0000                     
   402  0000                     
   403  0000                     
   404  0000                     
   405  0000                     
   406  0000                     
   407  0000                     
   408  0000                     
   409  0000                     
   410  0000                     
   411  0000                     
   412  0000                     
   413  0000                     
   414  0000                     
   415  0000                     
   416  0000                     
   417  0000                     
   418  0000                     
   419  0000                     
   420  0000                     
   421  0000                     
   422  0000                     
   423  0000                     
   424  0000                     
   425  0000                     
   426  0000                     
   427  0000                     
   428  0000                     
   429  0000                     
   430  0000                     
   431  0000                     
   432  0000                     
   433  0000                     
   434  0000                     
   435  0000                     
   436  0000                     
   437  0000                     
   438  0000                     
   439  0000                     
   440  0000                     
   441  0000                     
   442  0000                     
   443  0000                     
   444  0000                     
   445  0000                     
   446  0000                     
   447  0000                     
   448  0000                     
   449  0000                     
   450  0000                     
   451  0000                     
   452  0000                     
   453  0000                     
   454  0000                     
   455  0000                     
   456  0000                     
   457  0000                     
   458  0000                     
   459  0000                     
   460  0000                     
   461  0000                     
   462  0000                     
   463  0000                     
   464  0000                     
   465  0000                     
   466  0000                     
   467  0000                     
   468  0000                     
   469  0000                     
   470  0000                     
   471  0000                     
   472  0000                     
   473  0000                     
   474  0000                     
   475  0000                     
   476  0000                     
   477  0000                     
   478  0000                     
   479  0000                     
   480  0000                     
   481  0000                     
   482  0000                     
   483  0000                     
   484  0000                     
   485  0000                     
   486  0000                     
   487  0000                     
   488  0000                     
   489  0000                     
   490  0000                     
   491  0000                     
   492  0000                     
   493  0000                     
   494  0000                     
   495  0000                     
   496  0000                     
   497  0000                     
   498  0000                     
   499  0000                     
   500  0000                     
   501  0000                     
   502  0000                     
   503  0000                     
   504  0000                     
   505  0000                     
   506  0000                     
   507  0000                     
   508  0000                     
   509  0000                     
   510  0000                     
   511  0000                     
   512  0000                     
   513  0000                     
   514  0000                     
   515  0000                     
   516  0000                     
   517  0000                     
   518  0000                     
   519  0000                     
   520  0000                     
   521  0000                     
   522  0000                     
   523  0000                     
   524  0000                     
   525  0000                     
   526  0000                     
   527  0000                     
   528  0000                     
   529  0000                     
   530  0000                     
   531  0000                     
   532  0000                     
   533  0000                     
   534  0000                     
   535  0000                     
   536  0000                     
   537  0000                     
   538  0000                     
   539  0000                     
   540  0000                     
   541  0000                     
   542  0000                     
   543  0000                     
   544  0000                     
   545  0000                     
   546  0000                     
   547  0000                     
   548  0000                     
   549  0000                     
   550  0000                     
   551  0000                     
   552  0000                     
   553  0000                     
   554  0000                     
   555  0000                     
   556  0000                     
   557  0000                     
   558  0000                     
   559  0000                     
   560  0000                     
   561  0000                     
   562  0000                     
   563  0000                     
   564  0000                     
   565  0000                     
   566  0000                     
   567  0000                     
   568  0000                     
   569  0000                     
   570  0000                     
   571  0000                     
   572  0000                     
   573  0000                     
   574  0000                     
   575  0000                     
   576  0000                     
   577  0000                     
   578  0000                     
   579  0000                     
   580  0000                     
   581  0000                     
   582  0000                     
   583  0000                     
   584  0000                     
   585  0000                     
   586  0000                     
   587  0000                     
   588  0000                     
   589  0000                     
   590  0000                     
   591  0000                     
   592  0000                     
   593  0000                     
   594  0000                     
   595  0000                     
   596  0000                     
   597  0000                     
   598  0000                     
   599  0000                     
   600  0000                     
   601  0000                     
   602  0000                     
   603  0000                     
   604  0000                     
   605  0000                     
   606  0000                     
   607  0000                     
   608  0000                     
   609  0000                     
   610  0000                     
   611  0000                     
   612  0000                     
   613  0000                     
   614  0000                     
   615  0000                     
   616  0000                     
   617  0000                     
   618  0000                     
   619  0000                     
   620  0000                     
   621  0000                     
   622  0000                     
   623  0000                     
   624  0000                     
   625  0000                     
   626  0000                     
   627  0000                     
   628  0000                     
   629  0000                     
   630  0000                     
   631  0000                     
   632  0000                     
   633  0000                     
   634  0000                     
   635  0000                     
   636  0000                     
   637  0000                     
   638  0000                     
   639  0000                     
   640  0000                     
   641  0000                     
   642  0000                     
   643  0000                     
   644  0000                     
   645  0000                     
   646  0000                     
   647  0000                     
   648  0000                     
   649  0000                     
   650  0000                     
   651  0000                     
   652  0000                     
   653  0000                     
   654  0000                     
   655  0000                     
   656  0000                     
   657  0000                     
   658  0000                     
   659  0000                     
   660  0000                     
   661  0000                     
   662  0000                     
   663  0000                     
   664  0000                     
   665  0000                     
   666  0000                     
   667  0000                     
   668  0000                     
   669  0000                     
   670  0000                     
   671  0000                     
   672  0000                     
   673  0000                     
   674  0000                     
   675  0000                     
   676  0000                     
   677  0000                     
   678  0000                     
   679  0000                     
   680  0000                     
   681  0000                     
   682  0000                     
   683  0000                     
   684  0000                     
   685  0000                     
   686  0000                     
   687  0000                     
   688                           
   689                           	psect	rbss_0
   690  0020                     _bitptr
   691  0020                     	ds	1
   692  0021                     _i
   693  0021                     	ds	1
   694  0022                     _inti
   695  0022                     	ds	1
   696  0023                     _intii
   697  0023                     	ds	1
   698  0024                     _j
   699  0024                     	ds	1
   700  0025                     _t2ps
   701  0025                     	ds	1
   702  0026                     _basis
   703  0026                     	ds	3
   704  0029                     _factor
   705  0029                     	ds	3
   706  002C                     _fleriod
   707  002C                     	ds	3
   708                           
   709                           	psect	rbss_1
   710  00A0                     _base
   711  00A0                     	ds	2
   712  00A2                     _cyccount
   713  00A2                     	ds	2
   714  00A4                     _fact
   715  00A4                     	ds	2
   716  00A6                     _period
   717  00A6                     	ds	2
   718  00A8                     _speed
   719  00A8                     	ds	4
   720  00AC                     _T2_Arr
   721  00AC                     	ds	20
   722  00C0                     _cycles
   723  00C0                     	ds	20


HI-TECH Software PICC Macro Assembler V9.50PL2
Symbol Table                                          Sat Feb 17 15:52:19 2007

               l6 0062                 l8 0022                 l9 0042  
               _i 0021                 _j 0024           _A2Daccq 00C7  
              l10 0029                l12 0030                l21 00C6  
              l14 0037                l16 0040                l25 00CC  
              fsr 0004            _T2_Arr 00AC          _cyccount 00A2  
             _isr 000A            _factor 0029            _bitptr 0020  
          _cycles 00C0            _period 00A6              _t2ps 0025  
            _base 00A0              _fact 00A4              _main 007F  
            _inti 0022              start 006E            saved_w 0070  
        int_entry 0004           _fleriod 002C          saved_fsr 0031  
           _basis 0026             _intii 0023             _speed 00A8  
        ?_A2Daccq 002F       saved_status 0030             status 0003  
         int_func 000A         ?a_A2Daccq 002F        int_restore 0069  
